For English type 1 <<<<>>>>> Język polski wpisz 2
1
New Game Started!
Please enter the name of the player 1
robert
Please enter the name of the player 2
andrzej
Please select who begins (1 - Player1: robert , 2 - Player2: andrzej)
1
Please enter number of columns: (3-30)
31
3
Please enter number of rows: (3-30)
2
3
Please enter win sequence length: (3-3)
3
   0   1   2
   3   4   5
   6   7   8

Player robert move
Please enter id
0
   O   1   2
   3   4   5
   6   7   8

Player andrzej move
Please enter id
1
   O   X   2
   3   4   5
   6   7   8

Player robert move
Please enter id
3
   O   X   2
   O   4   5
   6   7   8

Player andrzej move
Please enter id
4
   O   X   2
   O   X   5
   6   7   8

Player robert move
Please enter id
6
   O   X   2
   O   X   5
   O   7   8

The winner of the match is: robert
robert scored:3
andrzej scored:0

Play another match? (yes/no)
no
The match is over!
And the WINNER is: robert
