For English type 1 <<<<>>>>> Język polski wpisz 2
2
Zaczynamy nowa gre!
Prosze wprowadz nazwisko gracza 1
robert
Prosze wprowadz nazwisko gracza 2
andrzej
Wybierz gracza ktory rozpoczyna (1 - Gracz1: robert , 2 - Gracz2: andrzej)
3
1
Prosze wpisz ilosc kolumn: (3-30)
4
Prosze wpisz ilosc wierszy: (3-30)
3
Wpisz dlugosc sekwencji wygrywajacej: (3-4)
3
   0   1   2   3
   4   5   6   7
   8   9  10  11

Gracz robert ma ruch
Prosze wprowadz identyfikator pola
0
   O   1   2   3
   4   5   6   7
   8   9  10  11

Gracz andrzej ma ruch
Prosze wprowadz identyfikator pola
1
   O   X   2   3
   4   5   6   7
   8   9  10  11

Gracz robert ma ruch
Prosze wprowadz identyfikator pola
5
   O   X   2   3
   4   O   6   7
   8   9  10  11

Gracz andrzej ma ruch
Prosze wprowadz identyfikator pola
6
   O   X   2   3
   4   O   X   7
   8   9  10  11

Gracz robert ma ruch
Prosze wprowadz identyfikator pola
10
   O   X   2   3
   4   O   X   7
   8   9   O  11

Zwyciezca meczu zostaje: robert
robert punkty:3
andrzej punkty:0

Czy chcesz zagrac nastepny mecz? (tak/nie)
tak
Wybierz gracza ktory rozpoczyna (1 - Gracz1: robert , 2 - Gracz2: andrzej)
2
Prosze wpisz ilosc kolumn: (3-30)
3
Prosze wpisz ilosc wierszy: (3-30)
4
Wpisz dlugosc sekwencji wygrywajacej: (3-4)
3
   0   1   2
   3   4   5
   6   7   8
   9  10  11

Gracz andrzej ma ruch
Prosze wprowadz identyfikator pola
0
   X   1   2
   3   4   5
   6   7   8
   9  10  11

Gracz robert ma ruch
Prosze wprowadz identyfikator pola
3
   X   1   2
   O   4   5
   6   7   8
   9  10  11

Gracz andrzej ma ruch
Prosze wprowadz identyfikator pola
1
   X   X   2
   O   4   5
   6   7   8
   9  10  11

Gracz robert ma ruch
Prosze wprowadz identyfikator pola
4
   X   X   2
   O   O   5
   6   7   8
   9  10  11

Gracz andrzej ma ruch
Prosze wprowadz identyfikator pola
2
   X   X   X
   O   O   5
   6   7   8
   9  10  11

Zwyciezca meczu zostaje: andrzej
robert punkty:3
andrzej punkty:3

Czy chcesz zagrac nastepny mecz? (tak/nie)
tak
Wybierz gracza ktory rozpoczyna (1 - Gracz1: robert , 2 - Gracz2: andrzej)
1
Prosze wpisz ilosc kolumn: (3-30)
3
Prosze wpisz ilosc wierszy: (3-30)
3
Wpisz dlugosc sekwencji wygrywajacej: (3-3)
4
3
   0   1   2
   3   4   5
   6   7   8

Gracz robert ma ruch
Prosze wprowadz identyfikator pola
8
   0   1   2
   3   4   5
   6   7   O

Gracz andrzej ma ruch
Prosze wprowadz identyfikator pola
4
   0   1   2
   3   X   5
   6   7   O

Gracz robert ma ruch
Prosze wprowadz identyfikator pola
5
   0   1   2
   3   X   O
   6   7   O

Gracz andrzej ma ruch
Prosze wprowadz identyfikator pola
1
   0   X   2
   3   X   O
   6   7   O

Gracz robert ma ruch
Prosze wprowadz identyfikator pola
2
   0   X   O
   3   X   O
   6   7   O

Zwyciezca meczu zostaje: robert
robert punkty:6
andrzej punkty:3

Gra zakonczona!
Zwyciezca zostaje: robert
